<?xml version="1.0" encoding="UTF-8"?>
<testsuite xmlns:xsi="http://www.w3.org/2001/XMLSchema-instance" xsi:noNamespaceSchemaLocation="https://maven.apache.org/surefire/maven-surefire-plugin/xsd/surefire-test-report-3.0.xsd" version="3.0" name="uaslp.objetos.list.linkedlist.LinkedListTest" time="0.533" tests="13" errors="0" skipped="0" failures="0">
  <properties>
    <property name="java.specification.version" value="19"/>
    <property name="sun.cpu.isalist" value="amd64"/>
    <property name="sun.jnu.encoding" value="Cp1252"/>
    <property name="java.class.path" value="C:\Users\death\Desktop\TOO_List\target\test-classes;C:\Users\death\Desktop\TOO_List\target\classes;C:\Users\death\.m2\repository\org\junit\jupiter\junit-jupiter-engine\5.9.3\junit-jupiter-engine-5.9.3.jar;C:\Users\death\.m2\repository\org\junit\platform\junit-platform-engine\1.9.3\junit-platform-engine-1.9.3.jar;C:\Users\death\.m2\repository\org\opentest4j\opentest4j\1.2.0\opentest4j-1.2.0.jar;C:\Users\death\.m2\repository\org\junit\platform\junit-platform-commons\1.9.3\junit-platform-commons-1.9.3.jar;C:\Users\death\.m2\repository\org\junit\jupiter\junit-jupiter-api\5.9.3\junit-jupiter-api-5.9.3.jar;C:\Users\death\.m2\repository\org\apiguardian\apiguardian-api\1.1.2\apiguardian-api-1.1.2.jar;"/>
    <property name="java.vm.vendor" value="Oracle Corporation"/>
    <property name="sun.arch.data.model" value="64"/>
    <property name="user.variant" value=""/>
    <property name="java.vendor.url" value="https://java.oracle.com/"/>
    <property name="user.timezone" value="America/Mexico_City"/>
    <property name="os.name" value="Windows 10"/>
    <property name="java.vm.specification.version" value="19"/>
    <property name="sun.java.launcher" value="SUN_STANDARD"/>
    <property name="user.country" value="MX"/>
    <property name="sun.boot.library.path" value="C:\Program Files\Java\jdk-19\bin"/>
    <property name="sun.java.command" value="C:\Users\death\AppData\Local\Temp\surefire5455178298707017937\surefirebooter-20230503124414627_3.jar C:\Users\death\AppData\Local\Temp\surefire5455178298707017937 2023-05-03T12-44-13_101-jvmRun1 surefire-20230503124414627_1tmp surefire_0-20230503124414627_2tmp"/>
    <property name="jdk.debug" value="release"/>
    <property name="surefire.test.class.path" value="C:\Users\death\Desktop\TOO_List\target\test-classes;C:\Users\death\Desktop\TOO_List\target\classes;C:\Users\death\.m2\repository\org\junit\jupiter\junit-jupiter-engine\5.9.3\junit-jupiter-engine-5.9.3.jar;C:\Users\death\.m2\repository\org\junit\platform\junit-platform-engine\1.9.3\junit-platform-engine-1.9.3.jar;C:\Users\death\.m2\repository\org\opentest4j\opentest4j\1.2.0\opentest4j-1.2.0.jar;C:\Users\death\.m2\repository\org\junit\platform\junit-platform-commons\1.9.3\junit-platform-commons-1.9.3.jar;C:\Users\death\.m2\repository\org\junit\jupiter\junit-jupiter-api\5.9.3\junit-jupiter-api-5.9.3.jar;C:\Users\death\.m2\repository\org\apiguardian\apiguardian-api\1.1.2\apiguardian-api-1.1.2.jar;"/>
    <property name="sun.cpu.endian" value="little"/>
    <property name="user.home" value="C:\Users\death"/>
    <property name="user.language" value="es"/>
    <property name="java.specification.vendor" value="Oracle Corporation"/>
    <property name="java.version.date" value="2023-01-17"/>
    <property name="java.home" value="C:\Program Files\Java\jdk-19"/>
    <property name="file.separator" value="\"/>
    <property name="basedir" value="C:\Users\death\Desktop\TOO_List"/>
    <property name="java.vm.compressedOopsMode" value="32-bit"/>
    <property name="line.separator" value="&#10;"/>
    <property name="java.vm.specification.vendor" value="Oracle Corporation"/>
    <property name="java.specification.name" value="Java Platform API Specification"/>
    <property name="surefire.real.class.path" value="C:\Users\death\AppData\Local\Temp\surefire5455178298707017937\surefirebooter-20230503124414627_3.jar"/>
    <property name="user.script" value=""/>
    <property name="sun.management.compiler" value="HotSpot 64-Bit Tiered Compilers"/>
    <property name="java.runtime.version" value="19.0.2+7-44"/>
    <property name="user.name" value="death"/>
    <property name="stdout.encoding" value="Cp1252"/>
    <property name="path.separator" value=";"/>
    <property name="os.version" value="10.0"/>
    <property name="java.runtime.name" value="Java(TM) SE Runtime Environment"/>
    <property name="file.encoding" value="UTF-8"/>
    <property name="java.vm.name" value="Java HotSpot(TM) 64-Bit Server VM"/>
    <property name="localRepository" value="C:\Users\death\.m2\repository"/>
    <property name="java.vendor.url.bug" value="https://bugreport.java.com/bugreport/"/>
    <property name="java.io.tmpdir" value="C:\Users\death\AppData\Local\Temp\"/>
    <property name="idea.version" value="2022.3.1"/>
    <property name="java.version" value="19.0.2"/>
    <property name="user.dir" value="C:\Users\death\Desktop\TOO_List"/>
    <property name="os.arch" value="amd64"/>
    <property name="java.vm.specification.name" value="Java Virtual Machine Specification"/>
    <property name="sun.os.patch.level" value=""/>
    <property name="native.encoding" value="Cp1252"/>
    <property name="java.library.path" value="C:\Program Files\Java\jdk-19\bin;C:\Windows\Sun\Java\bin;C:\Windows\system32;C:\Windows;C:\Program Files\Common Files\Oracle\Java\javapath;C:\ProgramData\Oracle\Java\javapath;C:\Windows\system32;C:\Windows;C:\Windows\System32\Wbem;C:\Windows\System32\WindowsPowerShell\v1.0\;C:\Windows\System32\OpenSSH\;C:\Program Files\Git\cmd;C:\Users\death\AppData\Local\Microsoft\WindowsApps;C:\Program Files\JetBrains\IntelliJ IDEA 2022.3.1\bin;;C:\Users\death\AppData\Local\GitHubDesktop\bin;."/>
    <property name="java.vm.info" value="mixed mode, sharing"/>
    <property name="stderr.encoding" value="Cp1252"/>
    <property name="java.vendor" value="Oracle Corporation"/>
    <property name="java.vm.version" value="19.0.2+7-44"/>
    <property name="sun.io.unicode.encoding" value="UnicodeLittle"/>
    <property name="java.class.version" value="63.0"/>
  </properties>
  <testcase name="givenAnEmptyList_whenAddAtTail_thenElementIsInserted" classname="uaslp.objetos.list.linkedlist.LinkedListTest" time="0.168"/>
  <testcase name="givenAListWithElements_whenRemoveAllWithValue_thenElementsIsRemoved" classname="uaslp.objetos.list.linkedlist.LinkedListTest" time="0.021"/>
  <testcase name="givenAListWithElement_whenRemove_thenElementIsRemoved" classname="uaslp.objetos.list.linkedlist.LinkedListTest" time="0.01"/>
  <testcase name="givenAList_whenAddAtTailANullValue_thenExceptionIsThrown" classname="uaslp.objetos.list.linkedlist.LinkedListTest" time="0.011"/>
  <testcase name="givenAList_whenAddAtFrontANullValue_thenExceptionIsThrown" classname="uaslp.objetos.list.linkedlist.LinkedListTest" time="0.004"/>
  <testcase name="givenAListWith3Elements_whenRemoveAtTail_thenElementIsRemoved" classname="uaslp.objetos.list.linkedlist.LinkedListTest" time="0.005"/>
  <testcase name="givenANonEmptyList_whenAddAtTail_thenElementIsInserted" classname="uaslp.objetos.list.linkedlist.LinkedListTest" time="0.034"/>
  <testcase name="givenAList_whenRemoveAWrongIndex_thenExceptionIsThrown" classname="uaslp.objetos.list.linkedlist.LinkedListTest" time="0.011"/>
  <testcase name="givenAnEmptyList_whenAddAtFront_thenElementIsInserted" classname="uaslp.objetos.list.linkedlist.LinkedListTest" time="0.005"/>
  <testcase name="givenAListWithData_whenRemoveAWrongIndex_thenExceptionIsThrown" classname="uaslp.objetos.list.linkedlist.LinkedListTest" time="0.003"/>
  <testcase name="givenAListWith3Elements_whenRemoveAtHead_thenElementIsRemoved" classname="uaslp.objetos.list.linkedlist.LinkedListTest" time="0.01"/>
  <testcase name="givenAListWith3Elements_whenRemoveAtMiddle_thenElementIsRemoved" classname="uaslp.objetos.list.linkedlist.LinkedListTest" time="0.01"/>
  <testcase name="givenANonEmptyList_whenAddAtFront_thenElementIsInserted" classname="uaslp.objetos.list.linkedlist.LinkedListTest" time="0.005"/>
</testsuite>